[connection]
wifi.powersave = 2
checking dependencies...
error: failed to prepare transaction (could not satisfy dependencies)
:: removing xdg-desktop-portal-gnome breaks dependency 'xdg-desktop-portal-gnome' required by gnome-session
 -> exit status 1
mv: cannot overwrite '/home/trintler/.config/hypr-back/hypr': Directory not empty
mv: cannot overwrite '/home/trintler/.config/kitty-back/kitty': Directory not empty
mv: cannot overwrite '/home/trintler/.config/mako-back/mako': Directory not empty
mv: cannot overwrite '/home/trintler/.config/swaylock-back/swaylock': Directory not empty
mv: cannot overwrite '/home/trintler/.config/waybar-back/waybar': Directory not empty
mv: cannot overwrite '/home/trintler/.config/wlogout-back/wlogout': Directory not empty
mv: cannot overwrite '/home/trintler/.config/wofi-back/wofi': Directory not empty
[Theme]
Current=sdt
sudo: 3 incorrect password attempts
sudo: 3 incorrect password attempts
sudo: 3 incorrect password attempts
sudo: 3 incorrect password attempts
sudo: 3 incorrect password attempts
 -> exit status 1
[connection]
wifi.powersave = 2
checking dependencies...
error: failed to prepare transaction (could not satisfy dependencies)
:: removing xdg-desktop-portal-gnome breaks dependency 'xdg-desktop-portal-gnome' required by gnome-session
 -> exit status 1
[Theme]
Current=sdt
[connection]
wifi.powersave = 2
checking dependencies...
error: failed to prepare transaction (could not satisfy dependencies)
:: removing xdg-desktop-portal-gnome breaks dependency 'xdg-desktop-portal-gnome' required by gnome-session
 -> exit status 1
[Theme]
Current=sdt
[connection]
wifi.powersave = 2
[connection]
wifi.powersave = 2
[1m[33m -> [0m[0mAvoid running yay as root/sudo.
Sync Explicit (1): qt5-wayland-5.15.15+kde+r60-1
resolving dependencies...
looking for conflicting packages...

Packages (1) qt5-wayland-5.15.15+kde+r60-1

Total Installed Size:  6.00 MiB

:: Proceed with installation? [Y/n] 
checking keyring...
checking package integrity...
loading package files...
checking for file conflicts...
checking available disk space...
:: Processing package changes...
installing qt5-wayland...
:: Running post-transaction hooks...
(1/1) Arming ConditionNeedsUpdate...
[1m[33m -> [0m[0mAvoid running yay as root/sudo.
Sync Explicit (1): qt5ct-1.8-2
resolving dependencies...
looking for conflicting packages...

Packages (1) qt5ct-1.8-2

Total Installed Size:  0.87 MiB

:: Proceed with installation? [Y/n] 
checking keyring...
checking package integrity...
loading package files...
checking for file conflicts...
checking available disk space...
:: Processing package changes...
installing qt5ct...
:: Running post-transaction hooks...
(1/2) Arming ConditionNeedsUpdate...
(2/2) Updating the desktop file MIME type cache...
[1m[33m -> [0m[0mAvoid running yay as root/sudo.
Sync Explicit (1): polkit-gnome-0.105-11
resolving dependencies...
looking for conflicting packages...

Packages (1) polkit-gnome-0.105-11

Total Installed Size:  0.33 MiB

:: Proceed with installation? [Y/n] 
checking keyring...
checking package integrity...
loading package files...
checking for file conflicts...
checking available disk space...
:: Processing package changes...
installing polkit-gnome...
:: Running post-transaction hooks...
(1/2) Arming ConditionNeedsUpdate...
(2/2) Updating the desktop file MIME type cache...
[1m[33m -> [0m[0mAvoid running yay as root/sudo.
Sync Explicit (1): jq-1.7.1-2
resolving dependencies...
looking for conflicting packages...

Packages (2) oniguruma-6.9.9-1  jq-1.7.1-2

Total Installed Size:  1.60 MiB

:: Proceed with installation? [Y/n] 
checking keyring...
checking package integrity...
loading package files...
checking for file conflicts...
checking available disk space...
:: Processing package changes...
installing oniguruma...
installing jq...
:: Running post-transaction hooks...
(1/1) Arming ConditionNeedsUpdate...
[1m[33m -> [0m[0mAvoid running yay as root/sudo.
Sync Explicit (1): wl-clipboard-1:2.2.1-2
resolving dependencies...
looking for conflicting packages...

Packages (1) wl-clipboard-1:2.2.1-2

Total Installed Size:  0.10 MiB

:: Proceed with installation? [Y/n] 
checking keyring...
checking package integrity...
loading package files...
checking for file conflicts...
checking available disk space...
:: Processing package changes...
installing wl-clipboard...
Optional dependencies for wl-clipboard
    xdg-utils: for content type inference in wl-copy [installed]
    mailcap: for type inference in wl-paste [installed]
:: Running post-transaction hooks...
(1/1) Arming ConditionNeedsUpdate...
[1m[33m -> [0m[0mAvoid running yay as root/sudo.
Sync Explicit (1): cliphist-1:0.5.0-1
resolving dependencies...
looking for conflicting packages...

Packages (1) cliphist-1:0.5.0-1

Total Installed Size:  1.83 MiB

:: Proceed with installation? [Y/n] 
checking keyring...
checking package integrity...
loading package files...
checking for file conflicts...
checking available disk space...
:: Processing package changes...
installing cliphist...
Optional dependencies for cliphist
    xdg-utils: image and mime inferance [installed]
:: Running post-transaction hooks...
(1/1) Arming ConditionNeedsUpdate...
[1m[33m -> [0m[0mAvoid running yay as root/sudo.
Sync Explicit (1): hyprland-0.44.1-1
resolving dependencies...
looking for conflicting packages...

Packages (15) aquamarine-0.4.3-1  hyprcursor-0.1.10-1  hyprlang-0.5.3-1  hyprutils-0.2.3-1  hyprwayland-scanner-0.4.2-1  libliftoff-0.5.0-1  pugixml-1.14-1  seatd-0.8.0-2  tomlplusplus-3.4.0-1  vulkan-validation-layers-1.3.290-2  wayland-protocols-1.38-1  xcb-util-errors-1.0.1-2  xorg-xinput-1.6.4-2  xorg-xrandr-1.5.2-2  hyprland-0.44.1-1

Total Download Size:    0.09 MiB
Total Installed Size:  37.01 MiB

:: Proceed with installation? [Y/n] 
:: Retrieving packages...
 hyprlang-0.5.3-1-x86_64 downloading...
checking keyring...
checking package integrity...
loading package files...
checking for file conflicts...
checking available disk space...
:: Processing package changes...
installing hyprutils...
installing pugixml...
installing hyprwayland-scanner...
installing seatd...
installing wayland-protocols...
installing aquamarine...
installing hyprlang...
installing tomlplusplus...
installing hyprcursor...
installing libliftoff...
installing vulkan-validation-layers...
installing xcb-util-errors...
installing xorg-xrandr...
installing xorg-xinput...
installing hyprland...
Optional dependencies for hyprland
    cmake: to build and install plugins using hyprpm [installed]
    cpio: to build and install plugins using hyprpm
    meson: to build and install plugins using hyprpm
:: Running post-transaction hooks...
(1/3) Creating system user accounts...
(2/3) Reloading system manager configuration...
(3/3) Arming ConditionNeedsUpdate...
[1m[33m -> [0m[0mAvoid running yay as root/sudo.
Sync Explicit (1): swww-0.9.5-2
resolving dependencies...
looking for conflicting packages...

Packages (1) swww-0.9.5-2

Total Installed Size:  4.60 MiB

:: Proceed with installation? [Y/n] 
checking keyring...
checking package integrity...
loading package files...
checking for file conflicts...
checking available disk space...
:: Processing package changes...
installing swww...
:: Running post-transaction hooks...
(1/1) Arming ConditionNeedsUpdate...
[1m[33m -> [0m[0mAvoid running yay as root/sudo.
Sync Make Dependency (2): meson-1.5.2-1, ninja-1.12.1-1
AUR Explicit (1): swaylock-effects-1.7.0.0-4
:: [1m(1/1) Downloaded PKGBUILD: swaylock-effects[0m
  1 swaylock-effects                         (Build Files Exist)
==> Packages to cleanBuild?
==> [N]one [A]ll [Ab]ort [I]nstalled [No]tInstalled or (1 2 3, 1-3, ^4)
==> 
  1 swaylock-effects                         (Build Files Exist)
==> Diffs to show?
==> [N]one [A]ll [Ab]ort [I]nstalled [No]tInstalled or (1 2 3, 1-3, ^4)
==> 
==> ERROR: Running makepkg as root is not allowed as it can cause permanent,
catastrophic damage to your system.
 -> error downloading sources: /tmp/yay/swaylock-effects 
	 context: exit status 10 
	 

:: [1m(1/1) Parsing SRCINFO: swaylock-effects[0m
resolving dependencies...
looking for conflicting packages...

Packages (3) python-tqdm-4.66.5-1  meson-1.5.2-1  ninja-1.12.1-1

Total Installed Size:  13.70 MiB

:: Proceed with installation? [Y/n] 
checking keyring...
checking package integrity...
loading package files...
checking for file conflicts...
checking available disk space...
:: Processing package changes...
installing ninja...
installing python-tqdm...
Optional dependencies for python-tqdm
    python-requests: telegram [installed]
installing meson...
:: Running post-transaction hooks...
(1/1) Arming ConditionNeedsUpdate...
==> ERROR: Running makepkg as root is not allowed as it can cause permanent,
catastrophic damage to your system.
 -> error making: swaylock-effects-exit status 10
 -> Failed to install the following packages. Manual intervention is required:
swaylock-effects - exit status 10
[connection]
wifi.powersave = 2
AUR Explicit (1): swaylock-effects-1.7.0.0-4
:: [1mPKGBUILD up to date, skipping download: swaylock-effects[0m
  1 swaylock-effects                         (Build Files Exist)
==> Packages to cleanBuild?
==> [N]one [A]ll [Ab]ort [I]nstalled [No]tInstalled or (1 2 3, 1-3, ^4)
==> 
  1 swaylock-effects                         (Build Files Exist)
==> Diffs to show?
==> [N]one [A]ll [Ab]ort [I]nstalled [No]tInstalled or (1 2 3, 1-3, ^4)
==> 
==> Making package: swaylock-effects 1.7.0.0-4 (Tue 15 Oct 2024 08:41:12 PM CEST)
==> Retrieving sources...
  -> Found v1.7.0.0.tar.gz
==> WARNING: Skipping verification of source file PGP signatures.
==> Validating source files with sha256sums...
    v1.7.0.0.tar.gz ... Passed
:: [1m(1/1) Parsing SRCINFO: swaylock-effects[0m
==> Making package: swaylock-effects 1.7.0.0-4 (Tue 15 Oct 2024 08:41:14 PM CEST)
==> Checking runtime dependencies...
==> Checking buildtime dependencies...
==> Retrieving sources...
  -> Found v1.7.0.0.tar.gz
==> Validating source files with sha256sums...
    v1.7.0.0.tar.gz ... Passed
==> Removing existing $srcdir/ directory...
==> Extracting sources...
  -> Extracting v1.7.0.0.tar.gz with bsdtar
==> Sources are ready.
 -> swaylock-effects-1.7.0.0-4 already made -- skipping build
==> Making package: swaylock-effects 1.7.0.0-4 (Tue 15 Oct 2024 08:41:20 PM CEST)
==> Checking runtime dependencies...
==> Checking buildtime dependencies...
==> WARNING: Using existing $srcdir/ tree
==> Sources are ready.
loading packages...
resolving dependencies...
looking for conflicting packages...

Packages (2) swaylock-effects-1.7.0.0-4  swaylock-effects-debug-1.7.0.0-4

Total Installed Size:  0.62 MiB

:: Proceed with installation? [Y/n] 
checking keyring...
checking package integrity...
loading package files...
checking for file conflicts...
checking available disk space...
:: Processing package changes...
installing swaylock-effects...
installing swaylock-effects-debug...
:: Running post-transaction hooks...
(1/1) Arming ConditionNeedsUpdate...
AUR Explicit (1): wlogout-1.2.2-0
Sync Dependency (1): gobject-introspection-1.82.0-1
:: [1mPKGBUILD up to date, skipping download: wlogout[0m
  1 wlogout                                  (Build Files Exist)
==> Packages to cleanBuild?
==> [N]one [A]ll [Ab]ort [I]nstalled [No]tInstalled or (1 2 3, 1-3, ^4)
==> 
  1 wlogout                                  (Build Files Exist)
==> Diffs to show?
==> [N]one [A]ll [Ab]ort [I]nstalled [No]tInstalled or (1 2 3, 1-3, ^4)
==> 
==> Making package: wlogout 1.2.2-0 (Tue 15 Oct 2024 08:41:25 PM CEST)
==> Retrieving sources...
  -> Found wlogout-1.2.2.tar.gz
  -> Found wlogout-1.2.2.tar.gz.sig
==> WARNING: Skipping verification of source file PGP signatures.
==> Validating source files with md5sums...
    wlogout-1.2.2.tar.gz ... Passed
    wlogout-1.2.2.tar.gz.sig ... Skipped
:: [1m(1/1) Parsing SRCINFO: wlogout[0m
pub   rsa4096 2019-09-06 [SC]
      F4FDB18A9937358364B276E9E25D679AF73C6D2F
uid           [ unknown] Haden Collins <collinshaden@gmail.com>
sub   rsa4096 2019-09-06 [E]

resolving dependencies...
looking for conflicting packages...

Packages (16) python-autocommand-2.2.2-6  python-fastjsonschema-2.20.0-1  python-jaraco.context-5.3.0-1  python-jaraco.functools-4.0.2-1  python-jaraco.text-4.0.0-1  python-mako-1.3.5-1  python-markdown-3.7-1  python-markupsafe-2.1.5-2  python-more-itertools-10.3.0-1  python-ordered-set-4.1.0-5  python-platformdirs-4.3.6-1  python-setuptools-1:69.5.1-1  python-tomli-2.0.1-4  python-trove-classifiers-2024.9.12-1  python-validate-pyproject-0.20.2-1  gobject-introspection-1.82.0-1

Total Installed Size:  15.79 MiB

:: Proceed with installation? [Y/n] 
checking keyring...
checking package integrity...
loading package files...
checking for file conflicts...
checking available disk space...
:: Processing package changes...
installing python-markupsafe...
installing python-mako...
Optional dependencies for python-mako
    python-babel: for i18n features
    python-beaker: for caching support
    python-dogpile.cache: for caching support
    python-pygments: for syntax highlighting
    python-pytest: for testing utilities [installed]
installing python-markdown...
Optional dependencies for python-markdown
    python-yaml: parse Python in YAML metadata
installing python-more-itertools...
installing python-jaraco.functools...
installing python-jaraco.context...
installing python-autocommand...
installing python-jaraco.text...
Optional dependencies for python-jaraco.text
    python-inflect: for show-newlines script
installing python-ordered-set...
installing python-platformdirs...
installing python-tomli...
installing python-fastjsonschema...
installing python-trove-classifiers...
installing python-validate-pyproject...
installing python-setuptools...
installing gobject-introspection...
:: Running post-transaction hooks...
(1/1) Arming ConditionNeedsUpdate...
==> Making package: wlogout 1.2.2-0 (Tue 15 Oct 2024 08:41:27 PM CEST)
==> Checking runtime dependencies...
==> Checking buildtime dependencies...
==> Retrieving sources...
  -> Found wlogout-1.2.2.tar.gz
  -> Found wlogout-1.2.2.tar.gz.sig
==> Validating source files with md5sums...
    wlogout-1.2.2.tar.gz ... Passed
    wlogout-1.2.2.tar.gz.sig ... Skipped
==> Verifying source file signatures with gpg...
    wlogout-1.2.2.tar.gz ... Passed
==> Removing existing $srcdir/ directory...
==> Extracting sources...
  -> Extracting wlogout-1.2.2.tar.gz with bsdtar
==> Sources are ready.
 -> wlogout-1.2.2-0 already made -- skipping build
==> Making package: wlogout 1.2.2-0 (Tue 15 Oct 2024 08:41:30 PM CEST)
==> Checking runtime dependencies...
==> Checking buildtime dependencies...
==> WARNING: Using existing $srcdir/ tree
==> Sources are ready.
warning: wlogout-debug-1.2.2-0 is up to date -- reinstalling
loading packages...
resolving dependencies...
looking for conflicting packages...

Packages (2) wlogout-1.2.2-0  wlogout-debug-1.2.2-0

Total Installed Size:  0.20 MiB
Net Upgrade Size:      0.12 MiB

:: Proceed with installation? [Y/n] 
checking keyring...
checking package integrity...
loading package files...
checking for file conflicts...
checking available disk space...
:: Processing package changes...
installing wlogout...
reinstalling wlogout-debug...
:: Running post-transaction hooks...
(1/1) Arming ConditionNeedsUpdate...
Sync Explicit (1): xdg-desktop-portal-hyprland-1.3.6-1
resolving dependencies...
looking for conflicting packages...

Packages (2) sdbus-cpp-1.5.0-3  xdg-desktop-portal-hyprland-1.3.6-1

Total Installed Size:  1.31 MiB

:: Proceed with installation? [Y/n] 
checking keyring...
checking package integrity...
loading package files...
checking for file conflicts...
checking available disk space...
:: Processing package changes...
installing sdbus-cpp...
installing xdg-desktop-portal-hyprland...
Optional dependencies for xdg-desktop-portal-hyprland
    grim: required for the screenshot portal to function
    slurp: support for interactive mode for the screenshot portal
:: Running post-transaction hooks...
(1/2) Reloading user manager configuration...
(2/2) Arming ConditionNeedsUpdate...
Sync Explicit (1): swappy-1.5.1-2
resolving dependencies...
looking for conflicting packages...

Packages (1) swappy-1.5.1-2

Total Installed Size:  0.12 MiB

:: Proceed with installation? [Y/n] 
checking keyring...
checking package integrity...
loading package files...
checking for file conflicts...
checking available disk space...
:: Processing package changes...
installing swappy...
Optional dependencies for swappy
    wl-clipboard: copy to clipboard support [installed]
    otf-font-awesome: to draw the paint icons properly
:: Running post-transaction hooks...
(1/3) Arming ConditionNeedsUpdate...
(2/3) Updating icon theme caches...
(3/3) Updating the desktop file MIME type cache...
Sync Explicit (1): grim-1.4.1-2
resolving dependencies...
looking for conflicting packages...

Packages (1) grim-1.4.1-2

Total Installed Size:  0.04 MiB

:: Proceed with installation? [Y/n] 
checking keyring...
checking package integrity...
loading package files...
checking for file conflicts...
checking available disk space...
:: Processing package changes...
installing grim...
:: Running post-transaction hooks...
(1/1) Arming ConditionNeedsUpdate...
Sync Explicit (1): slurp-1.5.0-1
resolving dependencies...
looking for conflicting packages...

Packages (1) slurp-1.5.0-1

Total Installed Size:  0.05 MiB

:: Proceed with installation? [Y/n] 
checking keyring...
checking package integrity...
loading package files...
checking for file conflicts...
checking available disk space...
:: Processing package changes...
installing slurp...
:: Running post-transaction hooks...
(1/1) Arming ConditionNeedsUpdate...
Sync Explicit (1): pavucontrol-1:6.1-1
resolving dependencies...
looking for conflicting packages...

Packages (6) cairomm-1.16-1.18.0-1  glibmm-2.68-2.82.0-1  gtkmm-4.0-4.16.0-1  libsigc++-3.0-3.6.0-1  pangomm-2.48-2.54.0-1  pavucontrol-1:6.1-1

Total Installed Size:  17.92 MiB

:: Proceed with installation? [Y/n] 
checking keyring...
checking package integrity...
loading package files...
checking for file conflicts...
checking available disk space...
:: Processing package changes...
installing libsigc++-3.0...
installing glibmm-2.68...
installing cairomm-1.16...
installing pangomm-2.48...
installing gtkmm-4.0...
installing pavucontrol...
:: Running post-transaction hooks...
(1/2) Arming ConditionNeedsUpdate...
(2/2) Updating the desktop file MIME type cache...
Sync Explicit (1): brightnessctl-0.5.1-3
resolving dependencies...
looking for conflicting packages...

Packages (1) brightnessctl-0.5.1-3

Total Installed Size:  0.03 MiB

:: Proceed with installation? [Y/n] 
checking keyring...
checking package integrity...
loading package files...
checking for file conflicts...
checking available disk space...
:: Processing package changes...
installing brightnessctl...
:: Running post-transaction hooks...
(1/1) Arming ConditionNeedsUpdate...
Sync Explicit (1): starship-1.20.1-1
resolving dependencies...
looking for conflicting packages...

Packages (1) starship-1.20.1-1

Total Installed Size:  9.29 MiB

:: Proceed with installation? [Y/n] 
checking keyring...
checking package integrity...
loading package files...
checking for file conflicts...
checking available disk space...
:: Processing package changes...
installing starship...
Optional dependencies for starship
    ttf-font-nerd: Nerd Font Symbols preset
:: Running post-transaction hooks...
(1/1) Arming ConditionNeedsUpdate...
Sync Explicit (1): ttf-jetbrains-mono-nerd-3.2.1-2
resolving dependencies...
looking for conflicting packages...

Packages (1) ttf-jetbrains-mono-nerd-3.2.1-2

Total Installed Size:  204.25 MiB

:: Proceed with installation? [Y/n] 
checking keyring...
checking package integrity...
loading package files...
checking for file conflicts...
checking available disk space...
:: Processing package changes...
installing ttf-jetbrains-mono-nerd...
:: Running post-transaction hooks...
(1/2) Arming ConditionNeedsUpdate...
(2/2) Updating fontconfig cache...
Sync Explicit (1): sddm-0.21.0-4
resolving dependencies...
looking for conflicting packages...

Packages (4) xf86-input-libinput-1.5.0-1  xorg-server-21.1.13-1  xorg-xauth-1.1.3-1  sddm-0.21.0-4

Total Download Size:   3.54 MiB
Total Installed Size:  9.03 MiB

:: Proceed with installation? [Y/n] 
:: Retrieving packages...
 sddm-0.21.0-4-x86_64 downloading...
checking keyring...
checking package integrity...
loading package files...
checking for file conflicts...
checking available disk space...
:: Processing package changes...
installing xf86-input-libinput...
installing xorg-server...
>>> xorg-server has now the ability to run without root rights with
    the help of systemd-logind. xserver will fail to run if not launched
    from the same virtual terminal as was used to log in.
    Without root rights, log files will be in ~/.local/share/xorg/ directory.

    Old behavior can be restored through Xorg.wrap config file.
    See Xorg.wrap man page (man xorg.wrap).
installing xorg-xauth...
installing sddm...
Optional dependencies for sddm
    qt5-declarative: for using Qt5 themes [installed]
:: Running post-transaction hooks...
(1/5) Creating system user accounts...
(2/5) Reloading system manager configuration...
(3/5) Creating temporary files...
(4/5) Arming ConditionNeedsUpdate...
(5/5) Reloading system bus configuration...
error: target not found: xdg-desktop-portal-gnome
error: target not found: xdg-desktop-portal-gtk
 -> exit status 1
[Theme]
Current=sdt
[connection]
wifi.powersave = 2
AUR Explicit (1): wlogout-1.2.2-0
Sync Make Dependency (1): scdoc-1.11.3-1
:: [1mPKGBUILD up to date, skipping download: wlogout[0m
  1 wlogout                                  (Build Files Exist)
==> Packages to cleanBuild?
==> [N]one [A]ll [Ab]ort [I]nstalled [No]tInstalled or (1 2 3, 1-3, ^4)
==> 
  1 wlogout                                  (Build Files Exist)
==> Diffs to show?
==> [N]one [A]ll [Ab]ort [I]nstalled [No]tInstalled or (1 2 3, 1-3, ^4)
==> 
==> Making package: wlogout 1.2.2-0 (Mon 08 Sep 2025 11:52:44 PM CEST)
==> Retrieving sources...
  -> Found wlogout-1.2.2.tar.gz
  -> Found wlogout-1.2.2.tar.gz.sig
==> WARNING: Skipping verification of source file PGP signatures.
==> Validating source files with md5sums...
    wlogout-1.2.2.tar.gz ... Passed
    wlogout-1.2.2.tar.gz.sig ... Skipped
:: [1m(1/1) Parsing SRCINFO: wlogout[0m
pub   rsa4096 2019-09-06 [SC]
      F4FDB18A9937358364B276E9E25D679AF73C6D2F
uid           [ unknown] Haden Collins <collinshaden@gmail.com>
sub   rsa4096 2019-09-06 [E]

resolving dependencies...
looking for conflicting packages...

Packages (1) scdoc-1.11.3-1

Total Download Size:   0.01 MiB
Total Installed Size:  0.03 MiB

:: Proceed with installation? [Y/n] 
:: Retrieving packages...
 scdoc-1.11.3-1-x86_64 downloading...
checking keyring...
checking package integrity...
loading package files...
checking for file conflicts...
checking available disk space...
:: Processing package changes...
installing scdoc...
:: Running post-transaction hooks...
(1/1) Arming ConditionNeedsUpdate...
==> Making package: wlogout 1.2.2-0 (Mon 08 Sep 2025 11:52:45 PM CEST)
==> Checking runtime dependencies...
==> Checking buildtime dependencies...
==> Retrieving sources...
  -> Found wlogout-1.2.2.tar.gz
  -> Found wlogout-1.2.2.tar.gz.sig
==> Validating source files with md5sums...
    wlogout-1.2.2.tar.gz ... Passed
    wlogout-1.2.2.tar.gz.sig ... Skipped
==> Verifying source file signatures with gpg...
    wlogout-1.2.2.tar.gz ... Passed
==> Removing existing $srcdir/ directory...
==> Extracting sources...
  -> Extracting wlogout-1.2.2.tar.gz with bsdtar
==> Sources are ready.
 -> wlogout-1.2.2-0 already made -- skipping build
==> Making package: wlogout 1.2.2-0 (Mon 08 Sep 2025 11:52:47 PM CEST)
==> Checking runtime dependencies...
==> Checking buildtime dependencies...
==> WARNING: Using existing $srcdir/ tree
==> Sources are ready.
loading packages...
resolving dependencies...
looking for conflicting packages...

Packages (2) wlogout-1.2.2-0  wlogout-debug-1.2.2-0

Total Installed Size:  0.20 MiB

:: Proceed with installation? [Y/n] 
checking keyring...
checking package integrity...
loading package files...
checking for file conflicts...
checking available disk space...
:: Processing package changes...
installing wlogout...
installing wlogout-debug...
:: Running post-transaction hooks...
(1/1) Arming ConditionNeedsUpdate...
Sync Explicit (1): firefox-142.0.1-1
resolving dependencies...
looking for conflicting packages...

Packages (1) firefox-142.0.1-1

Total Download Size:    76.67 MiB
Total Installed Size:  263.64 MiB

:: Proceed with installation? [Y/n] 
:: Retrieving packages...
 firefox-142.0.1-1-x86_64 downloading...
checking keyring...
checking package integrity...
loading package files...
checking for file conflicts...
checking available disk space...
:: Processing package changes...
installing firefox...
Optional dependencies for firefox
    hunspell-en_US: Spell checking, American English
    libnotify: Notification integration [installed]
    networkmanager: Location detection via available WiFi networks [installed]
    onnxruntime: Local machine learning features such as smart tab groups
    speech-dispatcher: Text-to-Speech
    xdg-desktop-portal: Screensharing with Wayland [installed]
:: Running post-transaction hooks...
(1/3) Arming ConditionNeedsUpdate...
(2/3) Updating icon theme caches...
(3/3) Updating the desktop file MIME type cache...
Sync Explicit (1): thunderbird-142.0-1
resolving dependencies...
looking for conflicting packages...

Packages (3) botan2-2.19.5-2  hunspell-1.7.2-2  thunderbird-142.0-1

Total Download Size:    70.99 MiB
Total Installed Size:  261.74 MiB

:: Proceed with installation? [Y/n] 
:: Retrieving packages...
 thunderbird-142.0-1-x86_64 downloading...
 botan2-2.19.5-2-x86_64 downloading...
 hunspell-1.7.2-2-x86_64 downloading...
checking keyring...
checking package integrity...
loading package files...
checking for file conflicts...
checking available disk space...
:: Processing package changes...
installing hunspell...
Optional dependencies for hunspell
    perl: for ispellaff2myspell [installed]
installing botan2...
Optional dependencies for botan2
    python: for using botan2.py [installed]
installing thunderbird...
Optional dependencies for thunderbird
    hunspell-en_us: Spell checking, American English
    libotr: OTR support for active one-to-one chats
    libnotify: Notification integration [installed]
:: Running post-transaction hooks...
(1/3) Arming ConditionNeedsUpdate...
(2/3) Updating icon theme caches...
(3/3) Updating the desktop file MIME type cache...
Sync Explicit (1): blueman-2.4.6-1
resolving dependencies...
looking for conflicting packages...

Packages (1) blueman-2.4.6-1

Total Download Size:   1.36 MiB
Total Installed Size:  6.29 MiB

:: Proceed with installation? [Y/n] 
:: Retrieving packages...
 blueman-2.4.6-1-x86_64 downloading...
checking keyring...
checking package integrity...
loading package files...
checking for file conflicts...
checking available disk space...
:: Processing package changes...
installing blueman...
Optional dependencies for blueman
    dnsmasq: Network Access Point (NAP) support
    iproute2: Network Access Point (NAP) support [installed]
    networkmanager: Dial Up Networking (DUN) and Personal Area Networking (PAN) support [installed]
    pulseaudio-bluetooth: audio devices support
:: Running post-transaction hooks...
(1/7) Reloading system manager configuration...
(2/7) Reloading user manager configuration...
(3/7) Arming ConditionNeedsUpdate...
(4/7) Reloading system bus configuration...
(5/7) Compiling GSettings XML schema files...
(6/7) Updating icon theme caches...
(7/7) Updating the desktop file MIME type cache...
error: target not found: xdg-desktop-portal-gnome
 -> exit status 1
[Theme]
Current=sdt
[connection]
wifi.powersave = 2
[connection]
wifi.powersave = 2
